2021-08-23 17:52:28:5228 [31merror[39m: [31mCould not click element with id: misra7685710, Node is either not visible or not an HTMLElement [39m
2021-08-23 17:52:28:5228 [31merror[39m: [31mCould not click element with id: misra7792386, Node is either not visible or not an HTMLElement [39m
2021-08-23 17:52:28:5228 [31merror[39m: [31mCould not click element with id: misra7812740, Node is either not visible or not an HTMLElement [39m
2021-08-23 17:53:00:530 [31merror[39m: [31mCould not click element with id: Mekudam7801790, Node is either not visible or not an HTMLElement [39m
2021-08-23 17:53:00:530 [31merror[39m: [31mCould not click element with id: misra7834492, Node is either not visible or not an HTMLElement [39m
2021-08-23 17:53:00:530 [31merror[39m: [31mCould not click element with id: misra7693431, Node is either not visible or not an HTMLElement [39m
2021-08-23 17:53:00:530 [31merror[39m: [31mCould not click element with id: misra7844527, Node is either not visible or not an HTMLElement [39m
2021-08-23 17:53:00:530 [31merror[39m: [31mCould not click element with id: misra7843883, Node is either not visible or not an HTMLElement [39m
2021-08-23 17:56:43:5643 [31merror[39m: [31mCould not click element with id: misra7827466, Node is either not visible or not an HTMLElement [39m
2021-08-23 17:56:43:5643 [31merror[39m: [31mCould not click element with id: misra7838247, Node is either not visible or not an HTMLElement [39m
2021-08-23 17:56:43:5643 [31merror[39m: [31mCould not click element with id: misra7732203, Node is either not visible or not an HTMLElement [39m
2021-08-23 17:56:43:5643 [31merror[39m: [31mCould not click element with id: misra7756283, Node is either not visible or not an HTMLElement [39m
2021-08-23 17:56:43:5643 [31merror[39m: [31mCould not click element with id: misra7823910, Node is either not visible or not an HTMLElement [39m
2021-08-23 17:57:14:5714 [31merror[39m: [31mCould not click element with id: misra7834279, Navigation timeout of 30000 ms exceeded [39m
2021-08-23 17:57:14:5714 [31merror[39m: [31mCould not click element with id: misra7731047, Navigation timeout of 30000 ms exceeded [39m
2021-08-23 17:57:14:5714 [31merror[39m: [31mCould not click element with id: misra7796087, Navigation timeout of 30000 ms exceeded [39m
2021-08-23 17:57:14:5714 [31merror[39m: [31mCould not click element with id: misra7843531, Navigation timeout of 30000 ms exceeded [39m
2021-08-23 17:57:14:5714 [31merror[39m: [31mCould not click element with id: misra7322540, Navigation timeout of 30000 ms exceeded [39m
2021-08-23 18:00:53:053 [31merror[39m: [31mCould not click element with id: misra7842293, Node is either not visible or not an HTMLElement [39m
2021-08-23 18:00:53:053 [31merror[39m: [31mCould not click element with id: misra7549313, Node is either not visible or not an HTMLElement [39m
2021-08-23 18:00:53:053 [31merror[39m: [31mCould not click element with id: misra7844532, Node is either not visible or not an HTMLElement [39m
2021-08-23 18:00:53:053 [31merror[39m: [31mCould not click element with id: misra7814752, Node is either not visible or not an HTMLElement [39m
2021-08-23 18:00:53:053 [31merror[39m: [31mCould not click element with id: misra7824518, Node is either not visible or not an HTMLElement [39m
2021-08-23 18:01:23:123 [31merror[39m: [31mCould not click element with id: misra7843618, Navigation timeout of 30000 ms exceeded [39m
2021-08-23 18:01:23:123 [31merror[39m: [31mCould not click element with id: misra7840942, Navigation timeout of 30000 ms exceeded [39m
2021-08-23 18:01:23:123 [31merror[39m: [31mCould not click element with id: misra7837919, Navigation timeout of 30000 ms exceeded [39m
2021-08-23 18:01:23:123 [31merror[39m: [31mCould not click element with id: misra7552550, Navigation timeout of 30000 ms exceeded [39m
2021-08-23 18:01:23:123 [31merror[39m: [31mCould not click element with id: misra7836373, Navigation timeout of 30000 ms exceeded [39m
2021-08-23 18:05:33:533 [31merror[39m: [31mCould not click element with id: Mekudam7801790, Node is either not visible or not an HTMLElement [39m
2021-08-23 18:05:33:533 [31merror[39m: [31mCould not click element with id: misra7844527, Node is either not visible or not an HTMLElement [39m
2021-08-23 18:05:33:533 [31merror[39m: [31mCould not click element with id: misra7834492, Node is either not visible or not an HTMLElement [39m
2021-08-23 18:05:33:533 [31merror[39m: [31mCould not click element with id: misra7695961, Node is either not visible or not an HTMLElement [39m
2021-08-23 18:05:33:533 [31merror[39m: [31mCould not click element with id: misra7693431, Node is either not visible or not an HTMLElement [39m
2021-08-23 18:06:03:63 [31merror[39m: [31mCould not click element with id: misra7844061, Navigation timeout of 30000 ms exceeded [39m
2021-08-23 18:06:03:63 [31merror[39m: [31mCould not click element with id: misra7844145, Navigation timeout of 30000 ms exceeded [39m
2021-08-23 18:06:03:63 [31merror[39m: [31mCould not click element with id: misra7843883, Navigation timeout of 30000 ms exceeded [39m
2021-08-23 18:06:03:63 [31merror[39m: [31mCould not click element with id: misra7843892, Navigation timeout of 30000 ms exceeded [39m
2021-08-23 18:06:03:63 [31merror[39m: [31mCould not click element with id: misra7801790, Navigation timeout of 30000 ms exceeded [39m
2021-08-23 18:06:03:63 [31merror[39m: [31mCould not click element with id: misra7844062, Navigation timeout of 30000 ms exceeded [39m
2021-08-23 18:35:19:3519 [31merror[39m: [31mCould not click element with id: misra7811397, article.handle.scrollIntoView is not a function [39m
2021-08-23 18:35:19:3519 [31merror[39m: [31mCould not click element with id: misra7757376, article.handle.scrollIntoView is not a function [39m
2021-08-23 18:35:19:3519 [31merror[39m: [31mCould not click element with id: misra7834339, article.handle.scrollIntoView is not a function [39m
2021-08-23 18:35:19:3519 [31merror[39m: [31mCould not click element with id: misra7837763, article.handle.scrollIntoView is not a function [39m
2021-08-23 18:35:19:3519 [31merror[39m: [31mCould not click element with id: misra7732249, article.handle.scrollIntoView is not a function [39m
2021-08-23 18:35:19:3519 [31merror[39m: [31mCould not click element with id: misra7732206, article.handle.scrollIntoView is not a function [39m
2021-08-23 18:35:19:3519 [31merror[39m: [31mCould not click element with id: misra7821530, article.handle.scrollIntoView is not a function [39m
2021-08-23 18:35:19:3519 [31merror[39m: [31mCould not click element with id: misra7835659, article.handle.scrollIntoView is not a function [39m
2021-08-23 18:35:19:3519 [31merror[39m: [31mCould not click element with id: misra7628298, article.handle.scrollIntoView is not a function [39m
2021-08-23 18:35:19:3519 [31merror[39m: [31mCould not click element with id: misra7838453, article.handle.scrollIntoView is not a function [39m
2021-08-23 18:38:10:3810 [31merror[39m: [31mCould not click element with id: misra7685710, Navigation timeout of 30000 ms exceeded [39m
2021-08-23 18:38:10:3810 [31merror[39m: [31mCould not click element with id: misra7792386, Navigation timeout of 30000 ms exceeded [39m
2021-08-23 18:38:10:3810 [31merror[39m: [31mCould not click element with id: misra7843197, Navigation timeout of 30000 ms exceeded [39m
2021-08-23 18:38:10:3810 [31merror[39m: [31mCould not click element with id: misra7827796, Navigation timeout of 30000 ms exceeded [39m
2021-08-23 18:38:10:3810 [31merror[39m: [31mCould not click element with id: misra7837799, Navigation timeout of 30000 ms exceeded [39m
2021-08-23 18:38:10:3810 [31merror[39m: [31mCould not click element with id: misra7690883, Navigation timeout of 30000 ms exceeded [39m
2021-08-23 18:38:10:3810 [31merror[39m: [31mCould not click element with id: misra7811397, Navigation timeout of 30000 ms exceeded [39m
2021-08-23 18:38:10:3810 [31merror[39m: [31mCould not click element with id: misra7843204, Navigation timeout of 30000 ms exceeded [39m
2021-08-23 18:38:10:3810 [31merror[39m: [31mCould not click element with id: misra7812740, Navigation timeout of 30000 ms exceeded [39m
2021-08-23 18:38:10:3810 [31merror[39m: [31mCould not click element with id: misra7840135, Navigation timeout of 30000 ms exceeded [39m
2021-08-23 18:38:37:3837 [31merror[39m: [31mCould not click element with id: misra7730337, Node is either not visible or not an HTMLElement [39m
2021-08-23 18:38:37:3837 [31merror[39m: [31mCould not click element with id: Mekudam7801790, Node is either not visible or not an HTMLElement [39m
2021-08-23 18:38:37:3837 [31merror[39m: [31mCould not click element with id: misra7732204, Node is either not visible or not an HTMLElement [39m
2021-08-23 18:38:37:3837 [31merror[39m: [31mCould not click element with id: misra7732241, Node is either not visible or not an HTMLElement [39m
2021-08-23 18:38:37:3837 [31merror[39m: [31mCould not click element with id: misra7732249, Node is either not visible or not an HTMLElement [39m
2021-08-23 23:00:50:050 [31merror[39m: [31mwaiting for selector `div[class=misrotList]` failed: timeout 30000ms exceeded[39m
2021-08-23 23:01:21:121 [31merror[39m: [31mwaiting for selector `div[class=misrotList]` failed: timeout 30000ms exceeded[39m
2021-08-23 23:02:50:250 [31merror[39m: [31mwaiting for selector `textarea[id=letter]` failed: timeout 30000ms exceeded[39m
2021-08-23 23:04:04:44 [31merror[39m: [31mNode is either not visible or not an HTMLElement[39m
2021-08-23 23:05:10:510 [31merror[39m: [31mNode is either not visible or not an HTMLElement[39m
2021-08-23 23:07:49:749 [31merror[39m: [31mIn sendApplications() at jobmaster-actions.ts, line ~37: Node is either not visible or not an HTMLElement[39m
2021-08-23 23:08:48:848 [31merror[39m: [31mIn sendApplications() at jobmaster-actions.ts, line ~37: No node found for selector: #textarea[id=letter][39m
2021-08-23 23:09:57:957 [31merror[39m: [31mIn sendApplications() at jobmaster-actions.ts, line ~37: No node found for selector: #label[class=LabelLongHalf][39m
2021-08-23 23:10:45:1045 [31merror[39m: [31mIn sendApplications() at jobmaster-actions.ts, line ~37: No node found for selector: #misra7549313[39m
2021-08-23 23:12:39:1239 [31merror[39m: [31mIn sendApplications() at jobmaster-actions.ts, line ~37: No node found for selector: textarea[id=letter][39m
2021-08-23 23:18:00:180 [31merror[39m: [31mIn sendApplications() at jobmaster-actions.ts, line ~37: No node found for selector: textarea[id=letter][39m
2021-08-23 23:25:58:2558 [31merror[39m: [31mNavigation timeout of 30000 ms exceeded[39m
2021-08-23 23:26:46:2646 [31merror[39m: [31mIn sendApplications() at jobmaster-actions.ts, line ~37: No node found for selector: textarea[id=letter][39m
2021-08-23 23:28:32:2832 [31merror[39m: [31mIn sendApplications() at jobmaster-actions.ts, line ~37: No node found for selector: textarea[id=letter][39m
2021-08-23 23:32:46:3246 [31merror[39m: [31mIn sendApplications() at jobmaster-actions.ts, line ~37: No node found for selector: textarea[id=letter][39m
2021-08-23 23:34:55:3455 [31merror[39m: [31mIn sendApplications() at jobmaster-actions.ts, line ~37: No node found for selector: textarea[id=letter][39m
2021-08-23 23:38:05:385 [31merror[39m: [31mIn sendApplications() at jobmaster-actions.ts, line ~37: No node found for selector: textarea[id=letter][39m
2021-08-23 23:40:54:4054 [31merror[39m: [31mIn sendApplications() at jobmaster-actions.ts, line ~37: No node found for selector: textarea[id=letter][39m
2021-08-23 23:51:49:5149 [31merror[39m: [31mIn sendApplications() at jobmaster-actions.ts, line ~37: No node found for selector: #misra7549313[39m
2021-08-24 00:03:23:323 [31merror[39m: [31mIn sendApplications() at jobmaster-actions.ts, line ~37: Node is either not visible or not an HTMLElement[39m
2021-08-24 00:49:23:4923 [31merror[39m: [31mIn checkIfSentOverThreeTimes() at jobmaster-actions at ~line 17: Evaluation failed: ReferenceError: selector is not defined[39m
[31m    at __puppeteer_evaluation_script__:2:44[39m
2021-08-24 00:49:23:4923 [31merror[39m: [31mIn sendApplications() at jobmaster-actions.ts, line ~37: No node found for selector: div[class=editOptions][39m
2021-08-24 00:49:23:4923 [31merror[39m: [31mEvaluation failed: ReferenceError: selector is not defined[39m
[31m    at __puppeteer_evaluation_script__:2:44[39m
2021-08-24 00:52:05:525 [31merror[39m: [31mIn checkIfSentOverThreeTimes() at jobmaster-actions at ~line 17: Evaluation failed: ReferenceError: selector is not defined[39m
[31m    at __puppeteer_evaluation_script__:2:44[39m
2021-08-24 00:52:06:526 [31merror[39m: [31mIn sendApplications() at jobmaster-actions.ts, line ~37: No node found for selector: div[class=editOptions][39m
2021-08-24 00:52:06:526 [31merror[39m: [31mEvaluation failed: ReferenceError: selector is not defined[39m
[31m    at __puppeteer_evaluation_script__:2:44[39m
2021-08-24 00:54:01:541 [31merror[39m: [31mIn checkIfSentOverThreeTimes() at jobmaster-actions at ~line 17: Evaluation failed: ReferenceError: selector is not defined[39m
[31m    at __puppeteer_evaluation_script__:2:44[39m
2021-08-24 00:54:02:542 [31merror[39m: [31mIn sendApplications() at jobmaster-actions.ts, line ~37: No node found for selector: div[class=editOptions][39m
2021-08-24 00:54:02:542 [31merror[39m: [31mEvaluation failed: ReferenceError: selector is not defined[39m
[31m    at __puppeteer_evaluation_script__:2:44[39m
2021-08-24 00:55:20:5520 [31merror[39m: [31mIn sendApplications() at jobmaster-actions.ts, line ~37: No node found for selector: div[class=editOptions][39m
2021-08-24 00:56:48:5648 [31merror[39m: [31mIn sendApplications() at jobmaster-actions.ts, line ~37: No node found for selector: div[class=editOptions][39m
2021-08-24 00:57:50:5750 [31merror[39m: [31mIn checkIfSentOverThreeTimes() at jobmaster-actions at ~line 17: Evaluation failed: ReferenceError: selector is not defined[39m
[31m    at __puppeteer_evaluation_script__:2:48[39m
2021-08-24 00:57:50:5750 [31merror[39m: [31mIn sendApplications() at jobmaster-actions.ts, line ~37: No node found for selector: div[class=editOptions][39m
2021-08-24 00:57:50:5750 [31merror[39m: [31mEvaluation failed: ReferenceError: selector is not defined[39m
[31m    at __puppeteer_evaluation_script__:2:48[39m
2021-08-24 00:59:13:5913 [31merror[39m: [31mIn checkIfSentOverThreeTimes() at jobmaster-actions at ~line 17: Evaluation failed: ReferenceError: selector is not defined[39m
[31m    at __puppeteer_evaluation_script__:2:48[39m
2021-08-24 00:59:14:5914 [31merror[39m: [31mIn sendApplications() at jobmaster-actions.ts, line ~37: No node found for selector: div[class=editOptions][39m
2021-08-24 01:23:16:2316 [31merror[39m: [31mIn checkIfSentOverThreeTimes() at jobmaster-actions at ~line 17: Evaluation failed: ReferenceError: selector is not defined[39m
[31m    at __puppeteer_evaluation_script__:2:48[39m
2021-08-24 01:23:17:2317 [31merror[39m: [31mIn sendApplications() at jobmaster-actions.ts, line ~37: No node found for selector: div[class=editOptions][39m
2021-08-24 01:24:59:2459 [31merror[39m: [31mNavigation timeout of 30000 ms exceeded[39m
2021-08-24 01:25:41:2541 [31merror[39m: [31mIn checkIfSentOverThreeTimes() at jobmaster-actions at ~line 17: Evaluation failed: ReferenceError: selector is not defined[39m
[31m    at __puppeteer_evaluation_script__:2:48[39m
2021-08-24 01:25:41:2541 [31merror[39m: [31mIn sendApplications() at jobmaster-actions.ts, line ~37: No node found for selector: div[class=editOptions][39m
2021-08-24 01:27:02:272 [31merror[39m: [31mIn checkIfSentOverThreeTimes() at jobmaster-actions at ~line 17: document is not defined[39m
2021-08-24 01:27:02:272 [31merror[39m: [31mIn sendApplications() at jobmaster-actions.ts, line ~37: No node found for selector: div[class=editOptions][39m
2021-08-24 01:29:26:2926 [31merror[39m: [31mIn checkIfSentOverThreeTimes() at jobmaster-actions at ~line 17: Error: failed to find element matching selector "modal_content"[39m
2021-08-24 01:29:26:2926 [31merror[39m: [31mIn sendApplications() at jobmaster-actions.ts, line ~37: No node found for selector: div[class=editOptions][39m
2021-08-24 01:35:56:3556 [31merror[39m: [31mIn sendApplications() at jobmaster-actions.ts, line ~37: EBUSY: resource busy or locked, open 'C:\Users\Koren\Documents\Get-A-Job\crawler\jobs.csv'[39m
2021-08-24 01:44:08:448 [31merror[39m: [31mIn sendApplications() at jobmaster-actions.ts, line ~37: EBUSY: resource busy or locked, open 'C:\Users\Koren\Documents\Get-A-Job\crawler\jobs.csv'[39m
2021-08-24 01:55:41:5541 [31merror[39m: [31mIn sendApplications() at jobmaster-actions.ts, line ~37: No node found for selector: #null[39m
2021-08-24 01:56:16:5616 [31merror[39m: [31mIn sendApplications() at jobmaster-actions.ts, line ~37: waiting for selector `#applyJobundefined` failed: timeout 30000ms exceeded[39m
2021-08-24 01:56:28:5628 [31merror[39m: [31mIn sendApplications() at jobmaster-actions.ts, line ~37: No node found for selector: #null[39m
2021-08-24 01:57:09:579 [31merror[39m: [31mIn sendApplications() at jobmaster-actions.ts, line ~37: No node found for selector: #null[39m
2021-08-24 01:57:51:5751 [31merror[39m: [31mIn sendApplications() at jobmaster-actions.ts, line ~37: No node found for selector: #null[39m
2021-08-24 02:01:26:126 [31merror[39m: [31mIn sendApplications() at jobmaster-actions.ts, line ~37: Node is either not visible or not an HTMLElement[39m
2021-08-24 02:01:39:139 [31merror[39m: [31mIn sendApplications() at jobmaster-actions.ts, line ~37: No node found for selector: #null[39m
2021-08-24 02:02:20:220 [31merror[39m: [31mIn sendApplications() at jobmaster-actions.ts, line ~37: No node found for selector: #null[39m
