./logs/29-Aug-21 12:52:25::linkedinator.linkedinator::Welcome to Easy Apply Bot

./logs/29-Aug-21 12:52:25::linkedinator.linkedinator::current directory is : C:\Users\Koren\Documents\Get-A-Job\crawler\crawlers\websites\linkedIn\linkedIn-easy-apply
./logs/29-Aug-21 12:52:25::linkedinator.linkedinator::0 jobIDs found
./logs/29-Aug-21 12:52:25::linkedinator.linkedinator::Logging in.....Please wait :)  
./logs/29-Aug-21 12:52:33::linkedinator.linkedinator::Applying to Ha Sharon: Fullstack
./logs/29-Aug-21 12:52:33::linkedinator.linkedinator::Looking for jobs.. Please wait..
./logs/29-Aug-21 12:52:58::linkedinator.linkedinator::Looking for jobs.. Please wait..
./logs/29-Aug-21 12:52:58::linkedinator.linkedinator::9.0 minutes left in this search
./logs/29-Aug-21 12:52:58::linkedinator.linkedinator::Sleeping for 4.6
./logs/29-Aug-21 12:53:37::linkedinator.linkedinator::Clicking the EASY apply button
./logs/29-Aug-21 12:53:47::linkedinator.linkedinator::Could not complete submission
./logs/29-Aug-21 12:53:49::linkedinator.linkedinator::
Position 1:
 (4) Desktop Support Specialist/Junior Helpdesk | Planview, Inc. | LinkedIn 
 * has Easy Apply Button 

./logs/29-Aug-21 12:54:03::linkedinator.linkedinator::Clicking the EASY apply button
./logs/29-Aug-21 12:54:11::linkedinator.linkedinator::Application Submitted
./logs/29-Aug-21 12:54:13::linkedinator.linkedinator::
Position 2:
 (4) QA Engineer | Driivz | LinkedIn 
 * has Easy Apply Button 

./logs/29-Aug-21 12:54:27::linkedinator.linkedinator::Clicking the EASY apply button
./logs/29-Aug-21 12:54:34::linkedinator.linkedinator::Application Submitted
./logs/29-Aug-21 12:54:36::linkedinator.linkedinator::
Position 3:
 (4) Assistant Controller | Valens | LinkedIn 
 * has Easy Apply Button 

./logs/29-Aug-21 12:54:50::linkedinator.linkedinator::Clicking the EASY apply button
./logs/29-Aug-21 12:54:57::linkedinator.linkedinator::Application Submitted
./logs/29-Aug-21 12:54:59::linkedinator.linkedinator::
Position 4:
 (4) DevOps Engineer | NanoLock Security | LinkedIn 
 * has Easy Apply Button 

./logs/29-Aug-21 12:55:13::linkedinator.linkedinator::The button does not exist.
./logs/29-Aug-21 12:55:13::linkedinator.linkedinator::
Position 5:
 (4) Frontend Developer | AU10TIX | LinkedIn 
 * Doesn't have Easy Apply Button 

./logs/29-Aug-21 12:55:26::linkedinator.linkedinator::Clicking the EASY apply button
./logs/29-Aug-21 12:55:33::linkedinator.linkedinator::Application Submitted
./logs/29-Aug-21 12:55:35::linkedinator.linkedinator::
Position 6:
 (4) PMO | Driivz | LinkedIn 
 * has Easy Apply Button 

./logs/29-Aug-21 12:55:48::linkedinator.linkedinator::Clicking the EASY apply button
./logs/29-Aug-21 12:56:00::linkedinator.linkedinator::Application Submitted
./logs/29-Aug-21 12:56:02::linkedinator.linkedinator::
Position 7:
 (4) Technical Support | AU10TIX | LinkedIn 
 * has Easy Apply Button 

./logs/29-Aug-21 12:56:02::linkedinator.linkedinator::****************************************


					Going to next jobs page, YEAAAHHH!!
					****************************************


./logs/29-Aug-21 12:56:30::linkedinator.linkedinator::Applying to Israel: puppeteer
./logs/29-Aug-21 12:56:30::linkedinator.linkedinator::Looking for jobs.. Please wait..
./logs/29-Aug-21 12:56:55::linkedinator.linkedinator::Looking for jobs.. Please wait..
./logs/29-Aug-21 12:56:55::linkedinator.linkedinator::9.0 minutes left in this search
./logs/29-Aug-21 12:56:55::linkedinator.linkedinator::Sleeping for 4.0
./logs/29-Aug-21 12:57:33::linkedinator.linkedinator::Clicking the EASY apply button
./logs/29-Aug-21 12:57:45::linkedinator.linkedinator::Could not complete submission
./logs/29-Aug-21 12:57:46::linkedinator.linkedinator::
Position 1:
 (4) Junior Full Stack Developer | Stealth Mode Startup | LinkedIn 
 * has Easy Apply Button 

./logs/29-Aug-21 12:58:00::linkedinator.linkedinator::Clicking the EASY apply button
./logs/29-Aug-21 12:58:11::linkedinator.linkedinator::Could not complete submission
./logs/29-Aug-21 12:58:13::linkedinator.linkedinator::
Position 2:
 (4) Frontend Developer | Insurights Inc | LinkedIn 
 * has Easy Apply Button 

./logs/29-Aug-21 12:58:27::linkedinator.linkedinator::Clicking the EASY apply button
./logs/29-Aug-21 12:58:40::linkedinator.linkedinator::Could not complete submission
./logs/29-Aug-21 12:58:41::linkedinator.linkedinator::
Position 3:
 (4) Full Stack Engineer | Agora | LinkedIn 
 * has Easy Apply Button 

./logs/29-Aug-21 12:58:55::linkedinator.linkedinator::Clicking the EASY apply button
./logs/29-Aug-21 12:59:06::linkedinator.linkedinator::Could not complete submission
./logs/29-Aug-21 12:59:09::linkedinator.linkedinator::
Position 4:
 (4) Frontend Developer | Cogniteam | LinkedIn 
 * has Easy Apply Button 

./logs/29-Aug-21 12:59:23::linkedinator.linkedinator::Clicking the EASY apply button
./logs/29-Aug-21 12:59:34::linkedinator.linkedinator::Could not complete submission
./logs/29-Aug-21 12:59:36::linkedinator.linkedinator::
Position 5:
 (4) Full Stack Engineer | EverAfter | LinkedIn 
 * has Easy Apply Button 

./logs/29-Aug-21 12:59:49::linkedinator.linkedinator::Clicking the EASY apply button
./logs/29-Aug-21 13:00:00::linkedinator.linkedinator::Could not complete submission
./logs/29-Aug-21 13:00:02::linkedinator.linkedinator::
Position 6:
 (4) Full Stack Engineer | Sprkl | LinkedIn 
 * has Easy Apply Button 

./logs/29-Aug-21 13:00:16::linkedinator.linkedinator::Clicking the EASY apply button
./logs/29-Aug-21 13:00:27::linkedinator.linkedinator::Could not complete submission
./logs/29-Aug-21 13:00:28::linkedinator.linkedinator::
Position 7:
 (4) Back End Developer | Algopix | LinkedIn 
 * has Easy Apply Button 

./logs/29-Aug-21 13:00:42::linkedinator.linkedinator::Clicking the EASY apply button
./logs/29-Aug-21 13:00:54::linkedinator.linkedinator::Could not complete submission
./logs/29-Aug-21 13:00:56::linkedinator.linkedinator::
Position 8:
 (4) R&D, Frontend developer | Proggio - Project Portfolio Management Solution | LinkedIn 
 * has Easy Apply Button 

./logs/29-Aug-21 13:01:10::linkedinator.linkedinator::Clicking the EASY apply button
./logs/29-Aug-21 13:01:17::linkedinator.linkedinator::Application Submitted
./logs/29-Aug-21 13:01:19::linkedinator.linkedinator::
Position 9:
 (4) Full Stack / Front Developer | env0 | LinkedIn 
 * has Easy Apply Button 

./logs/29-Aug-21 13:01:33::linkedinator.linkedinator::Clicking the EASY apply button
./logs/29-Aug-21 13:01:40::linkedinator.linkedinator::Application Submitted
./logs/29-Aug-21 13:01:42::linkedinator.linkedinator::
Position 10:
 (4) Frontend Developer | SparkBeyond | LinkedIn 
 * has Easy Apply Button 

./logs/29-Aug-21 13:01:42::linkedinator.linkedinator::****************************************


					Going to next jobs page, YEAAAHHH!!
					****************************************


./logs/29-Aug-21 13:02:10::linkedinator.linkedinator::Applying to Israel: typescript
./logs/29-Aug-21 13:02:10::linkedinator.linkedinator::Looking for jobs.. Please wait..
./logs/29-Aug-21 13:02:35::linkedinator.linkedinator::Looking for jobs.. Please wait..
./logs/29-Aug-21 13:02:35::linkedinator.linkedinator::9.0 minutes left in this search
./logs/29-Aug-21 13:02:35::linkedinator.linkedinator::Sleeping for 4.2
./logs/29-Aug-21 13:03:12::linkedinator.linkedinator::Clicking the EASY apply button
./logs/29-Aug-21 13:03:23::linkedinator.linkedinator::Could not complete submission
./logs/29-Aug-21 13:03:25::linkedinator.linkedinator::
Position 1:
 (5) Full Stack Engineer | Agora | LinkedIn 
 * has Easy Apply Button 

./logs/29-Aug-21 13:03:38::linkedinator.linkedinator::Clicking the EASY apply button
./logs/29-Aug-21 13:03:50::linkedinator.linkedinator::Could not complete submission
./logs/29-Aug-21 13:03:51::linkedinator.linkedinator::
Position 2:
 (5) Frontend Developer | Insurights Inc | LinkedIn 
 * has Easy Apply Button 

./logs/29-Aug-21 13:04:05::linkedinator.linkedinator::Clicking the EASY apply button
./logs/29-Aug-21 13:04:17::linkedinator.linkedinator::Could not complete submission
./logs/29-Aug-21 13:04:19::linkedinator.linkedinator::
Position 3:
 (5) Frontend Developer | Cogniteam | LinkedIn 
 * has Easy Apply Button 

