./logs/26-Aug-21 01:40:33::__main__::INFO::Welcome to Easy Apply Bot

./logs/26-Aug-21 01:40:33::__main__::INFO::current directory is : C:\Users\Koren\Documents\Get-A-Job\crawler\crawlers\websites\linkedIn\linkedIn-easy-apply
./logs/26-Aug-21 01:40:33::__main__::INFO::86 jobIDs found
./logs/26-Aug-21 01:40:33::__main__::INFO::Logging in.....Please wait :)  
./logs/26-Aug-21 01:40:41::__main__::INFO::Applying to webdev: Tel-Aviv
./logs/26-Aug-21 01:40:41::__main__::INFO::Looking for jobs.. Please wait..
./logs/26-Aug-21 01:41:07::__main__::INFO::Looking for jobs.. Please wait..
./logs/26-Aug-21 01:41:07::__main__::INFO::9.0 minutes left in this search
./logs/26-Aug-21 01:41:07::__main__::DEBUG::Sleeping for 4.0
./logs/26-Aug-21 01:41:45::__main__::INFO::Clicking the EASY apply button
./logs/26-Aug-21 01:41:56::__main__::INFO::Application Submitted
./logs/26-Aug-21 01:41:57::__main__::INFO::
Position 1:
 (3) Frontend Developer, Trilogy (Remote) - $60,000/year USD | Crossover for Work | LinkedIn 
 * has Easy Apply Button 

./logs/26-Aug-21 01:42:11::__main__::INFO::Clicking the EASY apply button
./logs/26-Aug-21 01:42:24::__main__::INFO::Could not complete submission
./logs/26-Aug-21 01:42:27::__main__::INFO::
Position 2:
 (3) Frontend Web Developer | Haaretz | LinkedIn 
 * has Easy Apply Button 

./logs/26-Aug-21 01:42:41::__main__::INFO::Clicking the EASY apply button
./logs/26-Aug-21 01:42:54::__main__::INFO::Application Submitted
./logs/26-Aug-21 01:42:56::__main__::INFO::
Position 3:
 (3) Frontend Developer | ironSource | LinkedIn 
 * has Easy Apply Button 

./logs/26-Aug-21 01:42:56::__main__::INFO::****************************************


					Going to next jobs page, YEAAAHHH!!
					****************************************


./logs/26-Aug-21 01:43:24::__main__::INFO::Applying to webdev: Ha Sharon
./logs/26-Aug-21 01:43:24::__main__::INFO::Looking for jobs.. Please wait..
./logs/26-Aug-21 01:43:49::__main__::INFO::Looking for jobs.. Please wait..
./logs/26-Aug-21 01:43:49::__main__::INFO::9.0 minutes left in this search
./logs/26-Aug-21 01:43:49::__main__::DEBUG::Sleeping for 4.6
./logs/26-Aug-21 01:44:28::__main__::INFO::The button does not exist.
./logs/26-Aug-21 01:44:28::__main__::INFO::
Position 1:
 (3) Frontend Developer, Trilogy (Remote) - $60,000/year USD | Crossover for Work | LinkedIn 
 * Doesn't have Easy Apply Button 

./logs/26-Aug-21 01:44:41::__main__::INFO::The button does not exist.
./logs/26-Aug-21 01:44:41::__main__::INFO::
Position 2:
 (3) Frontend Developer | ironSource | LinkedIn 
 * Doesn't have Easy Apply Button 

./logs/26-Aug-21 01:44:54::__main__::INFO::Clicking the EASY apply button
./logs/26-Aug-21 01:45:05::__main__::INFO::Could not complete submission
./logs/26-Aug-21 01:45:07::__main__::INFO::
Position 3:
 (3) Frontend Web Developer | Clinch: Omnichannel Personalization | LinkedIn 
 * has Easy Apply Button 

./logs/26-Aug-21 01:45:07::__main__::INFO::****************************************


					Going to next jobs page, YEAAAHHH!!
					****************************************


./logs/26-Aug-21 01:45:35::__main__::INFO::Applying to frontend: Petah Tikwa
./logs/26-Aug-21 01:45:35::__main__::INFO::Looking for jobs.. Please wait..
./logs/26-Aug-21 01:46:00::__main__::INFO::Looking for jobs.. Please wait..
./logs/26-Aug-21 01:46:00::__main__::INFO::9.0 minutes left in this search
./logs/26-Aug-21 01:46:00::__main__::DEBUG::Sleeping for 3.8
./logs/26-Aug-21 01:46:25::__main__::INFO::Applying to full stack: Petah Tikwa
./logs/26-Aug-21 01:46:25::__main__::INFO::Looking for jobs.. Please wait..
./logs/26-Aug-21 01:46:50::__main__::INFO::Looking for jobs.. Please wait..
./logs/26-Aug-21 01:46:50::__main__::INFO::9.0 minutes left in this search
./logs/26-Aug-21 01:46:50::__main__::DEBUG::Sleeping for 3.7
