./logs/26-Aug-21 01:26:37::__main__::INFO::Welcome to Easy Apply Bot

./logs/26-Aug-21 01:26:37::__main__::INFO::current directory is : C:\Users\Koren\Documents\Get-A-Job\crawler\crawlers\websites\linkedIn\linkedIn-easy-apply
./logs/26-Aug-21 01:26:37::__main__::INFO::79 jobIDs found
./logs/26-Aug-21 01:26:37::__main__::INFO::Logging in.....Please wait :)  
./logs/26-Aug-21 01:26:48::__main__::INFO::Applying to graphQL: Tel-Aviv-Jafo
./logs/26-Aug-21 01:26:48::__main__::INFO::Looking for jobs.. Please wait..
./logs/26-Aug-21 01:27:13::__main__::INFO::Looking for jobs.. Please wait..
./logs/26-Aug-21 01:27:13::__main__::INFO::9.0 minutes left in this search
./logs/26-Aug-21 01:27:13::__main__::DEBUG::Sleeping for 4.5
./logs/26-Aug-21 01:27:37::__main__::INFO::Applying to graphql: Israel
./logs/26-Aug-21 01:27:37::__main__::INFO::Looking for jobs.. Please wait..
./logs/26-Aug-21 01:28:03::__main__::INFO::Looking for jobs.. Please wait..
./logs/26-Aug-21 01:28:03::__main__::INFO::9.0 minutes left in this search
./logs/26-Aug-21 01:28:03::__main__::DEBUG::Sleeping for 4.6
./logs/26-Aug-21 01:28:28::__main__::INFO::Applying to backend: Israel
./logs/26-Aug-21 01:28:28::__main__::INFO::Looking for jobs.. Please wait..
./logs/26-Aug-21 01:28:54::__main__::INFO::Looking for jobs.. Please wait..
./logs/26-Aug-21 01:28:54::__main__::INFO::9.0 minutes left in this search
./logs/26-Aug-21 01:28:54::__main__::DEBUG::Sleeping for 4.6
./logs/26-Aug-21 01:29:32::__main__::INFO::Clicking the EASY apply button
./logs/26-Aug-21 01:29:44::__main__::INFO::Could not complete submission
./logs/26-Aug-21 01:29:46::__main__::INFO::
Position 1:
 (2) Senior Backend Engineer | SiteAware | LinkedIn 
 * has Easy Apply Button 

./logs/26-Aug-21 01:30:00::__main__::INFO::Clicking the EASY apply button
./logs/26-Aug-21 01:30:11::__main__::INFO::Application Submitted
./logs/26-Aug-21 01:30:13::__main__::INFO::
Position 2:
 (2) Backend Team leader | INX Limited | LinkedIn 
 * has Easy Apply Button 

./logs/26-Aug-21 01:30:27::__main__::INFO::Clicking the EASY apply button
./logs/26-Aug-21 01:30:40::__main__::INFO::Application Submitted
./logs/26-Aug-21 01:30:42::__main__::INFO::
Position 3:
 (2) Backend Team Leader | Gloat | LinkedIn 
 * has Easy Apply Button 

./logs/26-Aug-21 01:30:56::__main__::INFO::Clicking the EASY apply button
./logs/26-Aug-21 01:31:15::__main__::INFO::Could not complete submission
./logs/26-Aug-21 01:31:17::__main__::INFO::
Position 4:
 (2) Senior Backend Engineer (Prisma Cloud Compute) | Palo Alto Networks | LinkedIn 
 * has Easy Apply Button 

./logs/26-Aug-21 01:31:17::__main__::INFO::****************************************


					Going to next jobs page, YEAAAHHH!!
					****************************************


./logs/26-Aug-21 01:31:45::__main__::INFO::Applying to javascript: Israel
./logs/26-Aug-21 01:31:45::__main__::INFO::Looking for jobs.. Please wait..
./logs/26-Aug-21 01:32:10::__main__::INFO::Looking for jobs.. Please wait..
./logs/26-Aug-21 01:32:10::__main__::INFO::9.0 minutes left in this search
./logs/26-Aug-21 01:32:10::__main__::DEBUG::Sleeping for 3.7
./logs/26-Aug-21 01:32:35::__main__::INFO::Applying to front-end: Israel
./logs/26-Aug-21 01:32:35::__main__::INFO::Looking for jobs.. Please wait..
./logs/26-Aug-21 01:33:00::__main__::INFO::Looking for jobs.. Please wait..
./logs/26-Aug-21 01:33:00::__main__::INFO::9.0 minutes left in this search
./logs/26-Aug-21 01:33:00::__main__::DEBUG::Sleeping for 4.4
./logs/26-Aug-21 01:33:38::__main__::INFO::Clicking the EASY apply button
./logs/26-Aug-21 01:33:50::__main__::INFO::Application Submitted
./logs/26-Aug-21 01:33:52::__main__::INFO::
Position 1:
 (3) Front End Team Leader | Driivz | LinkedIn 
 * has Easy Apply Button 

./logs/26-Aug-21 01:34:05::__main__::INFO::Clicking the EASY apply button
./logs/26-Aug-21 01:34:13::__main__::INFO::Application Submitted
./logs/26-Aug-21 01:34:15::__main__::INFO::
Position 2:
 (3) Senior Front End Developer | Driivz | LinkedIn 
 * has Easy Apply Button 

./logs/26-Aug-21 01:34:29::__main__::INFO::Clicking the EASY apply button
./logs/26-Aug-21 01:34:51::__main__::INFO::Application Submitted
./logs/26-Aug-21 01:34:52::__main__::INFO::
Position 3:
 (3) Full Stack Engineer (Front-End Oriented) | Pagaya | LinkedIn 
 * has Easy Apply Button 

./logs/26-Aug-21 01:34:52::__main__::INFO::****************************************


					Going to next jobs page, YEAAAHHH!!
					****************************************


./logs/26-Aug-21 01:35:20::__main__::INFO::Applying to frontend: Kfar-Saba
./logs/26-Aug-21 01:35:20::__main__::INFO::Looking for jobs.. Please wait..
